============================= test session starts =============================
platform win32 -- Python 3.13.13, pytest-9.0.3, pluggy-1.6.0 -- C:\Users\mahmo\AppData\Local\Programs\Python\Python313\python.exe
hypothesis profile 'default'
rootdir: C:\mh-r-DEL
plugins: anyio-4.13.0, hypothesis-6.155.6, base-url-2.1.0, playwright-0.8.0, timeout-2.4.0
collecting ... collected 12 items

tests/test_deletion_invariant.py::test_deletion_invariant[definition_span-glp1-ra-mace-t2d] PASSED [  8%]
tests/test_deletion_invariant.py::test_deletion_invariant[definition_span-sacubitril-valsartan-hfref] PASSED [ 16%]
tests/test_deletion_invariant.py::test_deletion_invariant[result_span-glp1-ra-mace-t2d] PASSED [ 25%]
tests/test_deletion_invariant.py::test_deletion_invariant[result_span-sacubitril-valsartan-hfref] PASSED [ 33%]
tests/test_deletion_invariant.py::test_deletion_invariant[grade_domain-glp1-ra-mace-t2d] PASSED [ 41%]
tests/test_deletion_invariant.py::test_deletion_invariant[grade_domain-sacubitril-valsartan-hfref] PASSED [ 50%]
tests/test_deletion_invariant.py::test_deletion_invariant[trial_row-glp1-ra-mace-t2d] PASSED [ 58%]
tests/test_deletion_invariant.py::test_deletion_invariant[trial_row-sacubitril-valsartan-hfref] PASSED [ 66%]
tests/test_deletion_invariant.py::test_deletion_invariant[search_candidate-glp1-ra-mace-t2d] SKIPPED [ 75%]
tests/test_deletion_invariant.py::test_deletion_invariant[search_candidate-sacubitril-valsartan-hfref] SKIPPED [ 83%]
tests/test_deletion_invariant.py::test_deletion_invariant[retraction-glp1-ra-mace-t2d] PASSED [ 91%]
tests/test_deletion_invariant.py::test_deletion_invariant[retraction-sacubitril-valsartan-hfref] PASSED [100%]

================== 10 passed, 2 skipped in 61.09s (0:01:01) ===================
